android/build/intermediates/manifest_merge_blame_file/release/processReleaseManifest/manifest-merger-blame-release-report.txt
1<?xml version="1.0" encoding="utf-8"?>
2<manifest xmlns:android="http://schemas.android.com/apk/res/android"
3    package="com.flutter_uvc_camera" >
4
5    <uses-sdk android:minSdkVersion="21" />
6
7    <uses-feature android:name="android.hardware.usb.host" />
7-->src\main\AndroidManifest.xml:2:5-62
7-->src\main\AndroidManifest.xml:2:19-59
8
9    <uses-permission android:name="android.permission.CAMERA" />
9-->src\main\AndroidManifest.xml:3:5-65
9-->src\main\AndroidManifest.xml:3:22-62
10
11</manifest>